<?xml version="1.0" encoding="UTF-8"?>
<testsuite xmlns:xsi="http://www.w3.org/2001/XMLSchema-instance" xsi:noNamespaceSchemaLocation="https://maven.apache.org/surefire/maven-surefire-plugin/xsd/surefire-test-report.xsd" name="courierflow.CourierTest" time="3.103" tests="4" errors="0" skipped="0" failures="2">
  <properties>
[...]
</properties>
  <testcase name="courierCreateTest" classname="courierflow.CourierTest" time="0.452"/>
  <testcase name="courierWithoutLoginTest" classname="courierflow.CourierTest" time="0.442"/>
  <testcase name="courierDuplicateLoginTest" classname="courierflow.CourierTest" time="1.098">
    <failure message="Ответ не соответствует документации expected:&lt;...ин уже используется.[]&gt; but was:&lt;...ин уже используется.[ Попробуйте другой.]&gt;" type="org.junit.ComparisonFailure"><![CDATA[org.junit.ComparisonFailure: Ответ не соответствует документации expected:<...ин уже используется.[]> but was:<...ин уже используется.[ Попробуйте другой.]>
	at courierflow.CourierTest.courierDuplicateLoginTest(CourierTest.java:90)
]]></failure>
    <system-out><![CDATA[HTTP/1.1 201 Created
Access-Control-Allow-Origin: *
Content-Length: 11
Content-Type: application/json; charset=utf-8
Date: Sun, 22 May 2022 11:37:30 GMT
ETag: W/"b-Ai2R8hgEarLmHKwesT1qcY913ys"
Set-Cookie: _yasc=1NyMmVFdawF6jcRAk9QY/umNeVXHLlwSAI590HrG/GqM0g==; domain=.praktikum-services.ru; path=/; expires=Tue, 21-Jun-2022 11:37:30 GMT; secure
X-Powered-By: Express
X-Request-Id: 1653219450657851-9268546482338309245

{
    "ok": true
}
HTTP/1.1 200 OK
Access-Control-Allow-Origin: *
Content-Length: 12
Content-Type: application/json; charset=utf-8
Date: Sun, 22 May 2022 11:37:30 GMT
ETag: W/"c-KXTbcyl/mnwjxhbzKwYOm5nQx7s"
Set-Cookie: _yasc=uMElbNk3W+X5bFyKZ/hLwid1s81ObACam8sSnUfyufuCmA==; domain=.praktikum-services.ru; path=/; expires=Tue, 21-Jun-2022 11:37:30 GMT; secure
X-Powered-By: Express
X-Request-Id: 1653219450908353-10089631959687254266

{
    "id": 71394
}
HTTP/1.1 409 Conflict
Access-Control-Allow-Origin: *
Content-Length: 112
Content-Type: application/json; charset=utf-8
Date: Sun, 22 May 2022 11:37:31 GMT
ETag: W/"70-sLG1ZktNk+Ab3iaKUMwxkdL4FJo"
Set-Cookie: _yasc=RuBR1558e7QAh/jcHmh5+H5tfaBBdst6ZaE6Dru9m/NIlA==; domain=.praktikum-services.ru; path=/; expires=Tue, 21-Jun-2022 11:37:31 GMT; secure
X-Powered-By: Express
X-Request-Id: 1653219451148389-10034722230559903186

{
    "code": 409,
    "message": "Этот логин уже используется. Попробуйте другой."
}
HTTP/1.1 200 OK
Access-Control-Allow-Origin: *
Content-Length: 11
Content-Type: application/json; charset=utf-8
Date: Sun, 22 May 2022 11:37:31 GMT
ETag: W/"b-Ai2R8hgEarLmHKwesT1qcY913ys"
Set-Cookie: _yasc=ynch+GOZZn/0Ek2FN6eN0/lA+Hi/gE3M8PFWOjjHQ48afg==; domain=.praktikum-services.ru; path=/; expires=Tue, 21-Jun-2022 11:37:31 GMT; secure
X-Powered-By: Express
X-Request-Id: 1653219451358017-3314477853351617183

{
    "ok": true
}
]]></system-out>
  </testcase>
  <testcase name="courierDuplicateTest" classname="courierflow.CourierTest" time="1.034">
    <failure message="Ответ не соответствует документации expected:&lt;...ин уже используется.[]&gt; but was:&lt;...ин уже используется.[ Попробуйте другой.]&gt;" type="org.junit.ComparisonFailure"><![CDATA[org.junit.ComparisonFailure: Ответ не соответствует документации expected:<...ин уже используется.[]> but was:<...ин уже используется.[ Попробуйте другой.]>
	at courierflow.CourierTest.courierDuplicateTest(CourierTest.java:63)
]]></failure>
    <system-out><![CDATA[HTTP/1.1 201 Created
Access-Control-Allow-Origin: *
Content-Length: 11
Content-Type: application/json; charset=utf-8
Date: Sun, 22 May 2022 11:37:31 GMT
ETag: W/"b-Ai2R8hgEarLmHKwesT1qcY913ys"
Set-Cookie: _yasc=+tLudqyHxeGTaYXOW6EG9aZjjPLCB0gT6yX8tBKqeTbWdQ==; domain=.praktikum-services.ru; path=/; expires=Tue, 21-Jun-2022 11:37:31 GMT; secure
X-Powered-By: Express
X-Request-Id: 1653219451689267-9887807040317397328

{
    "ok": true
}
HTTP/1.1 200 OK
Access-Control-Allow-Origin: *
Content-Length: 12
Content-Type: application/json; charset=utf-8
Date: Sun, 22 May 2022 11:37:31 GMT
ETag: W/"c-CbeBvCux5Ex+E8hJD9oQ+w1t/Ko"
Set-Cookie: _yasc=hZCWG6Le+yLPy5BEYmApR3u/8+IT0JgAtJUn8O1UeBQXCw==; domain=.praktikum-services.ru; path=/; expires=Tue, 21-Jun-2022 11:37:31 GMT; secure
X-Powered-By: Express
X-Request-Id: 1653219451864464-13494887825530670752

{
    "id": 71395
}
HTTP/1.1 409 Conflict
Access-Control-Allow-Origin: *
Content-Length: 112
Content-Type: application/json; charset=utf-8
Date: Sun, 22 May 2022 11:37:32 GMT
ETag: W/"70-sLG1ZktNk+Ab3iaKUMwxkdL4FJo"
Set-Cookie: _yasc=PIpU0L6P5DkSPILcw4ElIp4WK9NjUZEi6IeiR0NBD3oR4Q==; domain=.praktikum-services.ru; path=/; expires=Tue, 21-Jun-2022 11:37:32 GMT; secure
X-Powered-By: Express
X-Request-Id: 1653219452140266-2152937627305002316

{
    "code": 409,
    "message": "Этот логин уже используется. Попробуйте другой."
}
HTTP/1.1 200 OK
Access-Control-Allow-Origin: *
Content-Length: 11
Content-Type: application/json; charset=utf-8
Date: Sun, 22 May 2022 11:37:32 GMT
ETag: W/"b-Ai2R8hgEarLmHKwesT1qcY913ys"
Set-Cookie: _yasc=c8Yje4Ms2hrXlNFOpgV9k/tRjMIZiXW05b8LwHxdadvfLw==; domain=.praktikum-services.ru; path=/; expires=Tue, 21-Jun-2022 11:37:32 GMT; secure
X-Powered-By: Express
X-Request-Id: 1653219452383146-1900275726066034004

{
    "ok": true
}
]]></system-out>
  </testcase>
</testsuite>